Build started 2015/3/20 19:01:44.
     1>Project "D:\CSE687\Project2\XmlDocModel\XmlDocument\XmlDocument.vcxproj" on node 2 (Build target(s)).
     1>ClCompile:
         D:\Program Files (x86)\Microsoft Visual Studio 12.0\VC\bin\CL.exe /c /ZI /nologo /W3 /WX- /sdl /Od /Oy- /D WIN32 /D _DEBUG /D TEST_XMLDOCUMENT /D _CONSOLE /D _LIB /D _UNICODE /D UNICODE /Gm /EHsc /RTC1 /MDd /GS /fp:precise /Zc:wchar_t /Zc:forScope /Fo"Debug\\" /Fd"Debug\vc120.pdb" /Gd /TP /analyze- /errorReport:prompt ..\DisplayHelper\DisplayHelper.cpp XmlDocument.cpp
         XmlDocument.cpp
         Generating Code...
         Compiling...
         DisplayHelper.cpp
         Generating Code...
       Link:
         D:\Program Files (x86)\Microsoft Visual Studio 12.0\VC\bin\link.exe /ERRORREPORT:PROMPT /OUT:"D:\CSE687\Project2\XmlDocModel\Debug\XmlDocument.exe" /INCREMENTAL /NOLOGO kernel32.lib user32.lib gdi32.lib winspool.lib comdlg32.lib advapi32.lib shell32.lib ole32.lib oleaut32.lib uuid.lib odbc32.lib odbccp32.lib /MANIFEST /MANIFESTUAC:"level='asInvoker' uiAccess='false'" /manifest:embed /DEBUG /PDB:"D:\CSE687\Project2\XmlDocModel\Debug\XmlDocument.pdb" /SUBSYSTEM:CONSOLE /TLBID:1 /DYNAMICBASE /NXCOMPAT /IMPLIB:"D:\CSE687\Project2\XmlDocModel\Debug\XmlDocument.lib" /MACHINE:X86 Debug\DisplayHelper.obj
         Debug\Tokenizer.obj
         Debug\xmlElementParts.obj
         Debug\XmlElement.obj
         Debug\XmltoTree.obj
         Debug\XmlDocument.obj
         XmlDocument.vcxproj -> D:\CSE687\Project2\XmlDocModel\Debug\XmlDocument.exe
     1>Done Building Project "D:\CSE687\Project2\XmlDocModel\XmlDocument\XmlDocument.vcxproj" (Build target(s)).

Build succeeded.

Time Elapsed 00:00:07.35
